Compiled jquery.js  (1ms)  (pid 10815)
Compiled jquery-ui.js  (3ms)  (pid 10815)
Compiled jquery_ujs.js  (0ms)  (pid 10815)
Compiled active_admin/lib/namespace.js  (65ms)  (pid 10815)
Compiled active_admin/components/jquery.aa.checkbox-toggler.js  (31ms)  (pid 10815)
Compiled active_admin/components/jquery.aa.dropdown-menu.js  (36ms)  (pid 10815)
Compiled active_admin/components/jquery.aa.popover.js  (31ms)  (pid 10815)
Compiled active_admin/components/jquery.aa.table-checkbox-toggler.js  (7ms)  (pid 10815)
Compiled active_admin/pages/application.js  (9ms)  (pid 10815)
Compiled active_admin/pages/batch_actions.js  (9ms)  (pid 10815)
Compiled active_admin/application.js  (258ms)  (pid 10815)
Compiled active_admin/base.js  (324ms)  (pid 10815)
Compiled active_admin.js  (330ms)  (pid 10815)
Compiled twitter/bootstrap/bootstrap-transition.js  (0ms)  (pid 10815)
Compiled twitter/bootstrap/bootstrap-alert.js  (0ms)  (pid 10815)
Compiled twitter/bootstrap/bootstrap-modal.js  (0ms)  (pid 10815)
Compiled twitter/bootstrap/bootstrap-dropdown.js  (0ms)  (pid 10815)
Compiled twitter/bootstrap/bootstrap-scrollspy.js  (0ms)  (pid 10815)
Compiled twitter/bootstrap/bootstrap-tab.js  (0ms)  (pid 10815)
Compiled twitter/bootstrap/bootstrap-tooltip.js  (0ms)  (pid 10815)
Compiled twitter/bootstrap/bootstrap-popover.js  (0ms)  (pid 10815)
Compiled twitter/bootstrap/bootstrap-button.js  (0ms)  (pid 10815)
Compiled twitter/bootstrap/bootstrap-collapse.js  (0ms)  (pid 10815)
Compiled twitter/bootstrap/bootstrap-carousel.js  (0ms)  (pid 10815)
Compiled twitter/bootstrap/bootstrap-typeahead.js  (0ms)  (pid 10815)
Compiled twitter/bootstrap/bootstrap-affix.js  (0ms)  (pid 10815)
Compiled twitter/bootstrap.js  (103ms)  (pid 10815)
Compiled applicants.js  (6ms)  (pid 10815)
Compiled bootstrap.js  (7ms)  (pid 10815)
Compiled interviewers.js  (0ms)  (pid 10815)
Compiled login.js  (0ms)  (pid 10815)
Compiled login1.js  (0ms)  (pid 10815)
Compiled login2.js  (0ms)  (pid 10815)
Compiled login3.js  (0ms)  (pid 10815)
Compiled login4.js  (0ms)  (pid 10815)
Compiled login5.js  (0ms)  (pid 10815)
Compiled referrals.js  (0ms)  (pid 10815)
Compiled roles.js  (0ms)  (pid 10815)
Compiled rounds.js  (0ms)  (pid 10815)
Compiled sourcingpartners.js  (0ms)  (pid 10815)
Compiled statuses.js  (0ms)  (pid 10815)
Compiled technologies.js  (0ms)  (pid 10815)
Compiled application.js  (222ms)  (pid 10815)
Compiled active_admin.css  (2075ms)  (pid 10815)
Compiled applicants.css  (2ms)  (pid 10815)
Compiled bootstrap_and_overrides.css  (0ms)  (pid 10815)
Compiled interviewers.css  (1ms)  (pid 10815)
Compiled login.css  (1ms)  (pid 10815)
Compiled login1.css  (1ms)  (pid 10815)
Compiled login2.css  (1ms)  (pid 10815)
Compiled login3.css  (1ms)  (pid 10815)
Compiled login4.css  (1ms)  (pid 10815)
Compiled login5.css  (36ms)  (pid 10815)
Compiled referrals.css  (1ms)  (pid 10815)
Compiled roles.css  (1ms)  (pid 10815)
Compiled rounds.css  (1ms)  (pid 10815)
Compiled scaffolds.css  (11ms)  (pid 10815)
Compiled sourcingpartners.css  (1ms)  (pid 10815)
Compiled statuses.css  (1ms)  (pid 10815)
Compiled technologies.css  (1ms)  (pid 10815)
Compiled application.css  (124ms)  (pid 10815)
Compiled active_admin/print.css  (79ms)  (pid 10815)
Compiled jquery.js  (2ms)  (pid 10815)
Compiled jquery-ui.js  (3ms)  (pid 10815)
Compiled jquery_ujs.js  (0ms)  (pid 10815)
Compiled active_admin/lib/namespace.js  (65ms)  (pid 10815)
Compiled active_admin/components/jquery.aa.checkbox-toggler.js  (31ms)  (pid 10815)
Compiled active_admin/components/jquery.aa.dropdown-menu.js  (36ms)  (pid 10815)
Compiled active_admin/components/jquery.aa.popover.js  (31ms)  (pid 10815)
Compiled active_admin/components/jquery.aa.table-checkbox-toggler.js  (7ms)  (pid 10815)
Compiled active_admin/pages/application.js  (10ms)  (pid 10815)
Compiled active_admin/pages/batch_actions.js  (9ms)  (pid 10815)
Compiled active_admin/application.js  (259ms)  (pid 10815)
Compiled active_admin/base.js  (323ms)  (pid 10815)
Compiled active_admin.js  (330ms)  (pid 10815)
Compiled twitter/bootstrap/bootstrap-transition.js  (0ms)  (pid 10815)
Compiled twitter/bootstrap/bootstrap-alert.js  (0ms)  (pid 10815)
Compiled twitter/bootstrap/bootstrap-modal.js  (0ms)  (pid 10815)
Compiled twitter/bootstrap/bootstrap-dropdown.js  (0ms)  (pid 10815)
Compiled twitter/bootstrap/bootstrap-scrollspy.js  (0ms)  (pid 10815)
Compiled twitter/bootstrap/bootstrap-tab.js  (0ms)  (pid 10815)
Compiled twitter/bootstrap/bootstrap-tooltip.js  (0ms)  (pid 10815)
Compiled twitter/bootstrap/bootstrap-popover.js  (0ms)  (pid 10815)
Compiled twitter/bootstrap/bootstrap-button.js  (0ms)  (pid 10815)
Compiled twitter/bootstrap/bootstrap-collapse.js  (0ms)  (pid 10815)
Compiled twitter/bootstrap/bootstrap-carousel.js  (0ms)  (pid 10815)
Compiled twitter/bootstrap/bootstrap-typeahead.js  (0ms)  (pid 10815)
Compiled twitter/bootstrap/bootstrap-affix.js  (0ms)  (pid 10815)
Compiled twitter/bootstrap.js  (102ms)  (pid 10815)
Compiled applicants.js  (6ms)  (pid 10815)
Compiled bootstrap.js  (7ms)  (pid 10815)
Compiled interviewers.js  (0ms)  (pid 10815)
Compiled login.js  (0ms)  (pid 10815)
Compiled login1.js  (0ms)  (pid 10815)
Compiled login2.js  (0ms)  (pid 10815)
Compiled login3.js  (0ms)  (pid 10815)
Compiled login4.js  (0ms)  (pid 10815)
Compiled login5.js  (0ms)  (pid 10815)
Compiled referrals.js  (0ms)  (pid 10815)
Compiled roles.js  (0ms)  (pid 10815)
Compiled rounds.js  (0ms)  (pid 10815)
Compiled sourcingpartners.js  (0ms)  (pid 10815)
Compiled statuses.js  (0ms)  (pid 10815)
Compiled technologies.js  (0ms)  (pid 10815)
Compiled application.js  (220ms)  (pid 10815)
Compiled active_admin.css  (1956ms)  (pid 10815)
Compiled applicants.css  (43ms)  (pid 10815)
Compiled bootstrap_and_overrides.css  (0ms)  (pid 10815)
Compiled interviewers.css  (1ms)  (pid 10815)
Compiled login.css  (1ms)  (pid 10815)
Compiled login1.css  (1ms)  (pid 10815)
Compiled login2.css  (1ms)  (pid 10815)
Compiled login3.css  (1ms)  (pid 10815)
Compiled login4.css  (1ms)  (pid 10815)
Compiled login5.css  (1ms)  (pid 10815)
Compiled referrals.css  (1ms)  (pid 10815)
Compiled roles.css  (1ms)  (pid 10815)
Compiled rounds.css  (37ms)  (pid 10815)
Compiled scaffolds.css  (11ms)  (pid 10815)
Compiled sourcingpartners.css  (1ms)  (pid 10815)
Compiled statuses.css  (1ms)  (pid 10815)
Compiled technologies.css  (1ms)  (pid 10815)
Compiled application.css  (166ms)  (pid 10815)
Compiled active_admin/print.css  (126ms)  (pid 10815)
Compiled jquery.js  (2ms)  (pid 11772)
Compiled jquery-ui.js  (3ms)  (pid 11772)
Compiled jquery_ujs.js  (0ms)  (pid 11772)
Compiled active_admin/lib/namespace.js  (65ms)  (pid 11772)
Compiled active_admin/components/jquery.aa.checkbox-toggler.js  (31ms)  (pid 11772)
Compiled active_admin/components/jquery.aa.dropdown-menu.js  (36ms)  (pid 11772)
Compiled active_admin/components/jquery.aa.popover.js  (30ms)  (pid 11772)
Compiled active_admin/components/jquery.aa.table-checkbox-toggler.js  (8ms)  (pid 11772)
Compiled active_admin/pages/application.js  (10ms)  (pid 11772)
Compiled active_admin/pages/batch_actions.js  (9ms)  (pid 11772)
Compiled active_admin/application.js  (264ms)  (pid 11772)
Compiled active_admin/base.js  (329ms)  (pid 11772)
Compiled active_admin.js  (335ms)  (pid 11772)
Compiled twitter/bootstrap/bootstrap-transition.js  (0ms)  (pid 11772)
Compiled twitter/bootstrap/bootstrap-alert.js  (0ms)  (pid 11772)
Compiled twitter/bootstrap/bootstrap-modal.js  (0ms)  (pid 11772)
Compiled twitter/bootstrap/bootstrap-dropdown.js  (0ms)  (pid 11772)
Compiled twitter/bootstrap/bootstrap-scrollspy.js  (0ms)  (pid 11772)
Compiled twitter/bootstrap/bootstrap-tab.js  (0ms)  (pid 11772)
Compiled twitter/bootstrap/bootstrap-tooltip.js  (0ms)  (pid 11772)
Compiled twitter/bootstrap/bootstrap-popover.js  (0ms)  (pid 11772)
Compiled twitter/bootstrap/bootstrap-button.js  (0ms)  (pid 11772)
Compiled twitter/bootstrap/bootstrap-collapse.js  (0ms)  (pid 11772)
Compiled twitter/bootstrap/bootstrap-carousel.js  (0ms)  (pid 11772)
Compiled twitter/bootstrap/bootstrap-typeahead.js  (0ms)  (pid 11772)
Compiled twitter/bootstrap/bootstrap-affix.js  (0ms)  (pid 11772)
Compiled twitter/bootstrap.js  (103ms)  (pid 11772)
Compiled applicants.js  (6ms)  (pid 11772)
Compiled bootstrap.js  (7ms)  (pid 11772)
Compiled interviewers.js  (0ms)  (pid 11772)
Compiled login.js  (0ms)  (pid 11772)
Compiled login1.js  (0ms)  (pid 11772)
Compiled login2.js  (0ms)  (pid 11772)
Compiled login3.js  (0ms)  (pid 11772)
Compiled login4.js  (0ms)  (pid 11772)
Compiled login5.js  (0ms)  (pid 11772)
Compiled referrals.js  (0ms)  (pid 11772)
Compiled roles.js  (0ms)  (pid 11772)
Compiled rounds.js  (0ms)  (pid 11772)
Compiled sourcingpartners.js  (0ms)  (pid 11772)
Compiled statuses.js  (0ms)  (pid 11772)
Compiled technologies.js  (0ms)  (pid 11772)
Compiled application.js  (223ms)  (pid 11772)
Compiled active_admin.css  (2020ms)  (pid 11772)
Compiled applicants.css  (2ms)  (pid 11772)
Compiled bootstrap_and_overrides.css  (0ms)  (pid 11772)
Compiled interviewers.css  (1ms)  (pid 11772)
Compiled login.css  (1ms)  (pid 11772)
Compiled login1.css  (1ms)  (pid 11772)
Compiled login2.css  (1ms)  (pid 11772)
Compiled login3.css  (1ms)  (pid 11772)
Compiled login4.css  (1ms)  (pid 11772)
Compiled login5.css  (1ms)  (pid 11772)
Compiled referrals.css  (2ms)  (pid 11772)
Compiled roles.css  (1ms)  (pid 11772)
Compiled rounds.css  (1ms)  (pid 11772)
Compiled scaffolds.css  (11ms)  (pid 11772)
Compiled sourcingpartners.css  (1ms)  (pid 11772)
Compiled statuses.css  (1ms)  (pid 11772)
Compiled technologies.css  (1ms)  (pid 11772)
Compiled application.css  (123ms)  (pid 11772)
Compiled active_admin/print.css  (78ms)  (pid 11772)
Compiled jquery.js  (1ms)  (pid 11772)
Compiled jquery-ui.js  (3ms)  (pid 11772)
Compiled jquery_ujs.js  (0ms)  (pid 11772)
Compiled active_admin/lib/namespace.js  (65ms)  (pid 11772)
Compiled active_admin/components/jquery.aa.checkbox-toggler.js  (31ms)  (pid 11772)
Compiled active_admin/components/jquery.aa.dropdown-menu.js  (36ms)  (pid 11772)
Compiled active_admin/components/jquery.aa.popover.js  (31ms)  (pid 11772)
Compiled active_admin/components/jquery.aa.table-checkbox-toggler.js  (7ms)  (pid 11772)
Compiled active_admin/pages/application.js  (10ms)  (pid 11772)
Compiled active_admin/pages/batch_actions.js  (9ms)  (pid 11772)
Compiled active_admin/application.js  (226ms)  (pid 11772)
Compiled active_admin/base.js  (324ms)  (pid 11772)
Compiled active_admin.js  (331ms)  (pid 11772)
Compiled twitter/bootstrap/bootstrap-transition.js  (0ms)  (pid 11772)
Compiled twitter/bootstrap/bootstrap-alert.js  (0ms)  (pid 11772)
Compiled twitter/bootstrap/bootstrap-modal.js  (0ms)  (pid 11772)
Compiled twitter/bootstrap/bootstrap-dropdown.js  (0ms)  (pid 11772)
Compiled twitter/bootstrap/bootstrap-scrollspy.js  (0ms)  (pid 11772)
Compiled twitter/bootstrap/bootstrap-tab.js  (0ms)  (pid 11772)
Compiled twitter/bootstrap/bootstrap-tooltip.js  (0ms)  (pid 11772)
Compiled twitter/bootstrap/bootstrap-popover.js  (0ms)  (pid 11772)
Compiled twitter/bootstrap/bootstrap-button.js  (0ms)  (pid 11772)
Compiled twitter/bootstrap/bootstrap-collapse.js  (0ms)  (pid 11772)
Compiled twitter/bootstrap/bootstrap-carousel.js  (0ms)  (pid 11772)
Compiled twitter/bootstrap/bootstrap-typeahead.js  (0ms)  (pid 11772)
Compiled twitter/bootstrap/bootstrap-affix.js  (0ms)  (pid 11772)
Compiled twitter/bootstrap.js  (101ms)  (pid 11772)
Compiled applicants.js  (6ms)  (pid 11772)
Compiled bootstrap.js  (7ms)  (pid 11772)
Compiled interviewers.js  (0ms)  (pid 11772)
Compiled login.js  (0ms)  (pid 11772)
Compiled login1.js  (0ms)  (pid 11772)
Compiled login2.js  (0ms)  (pid 11772)
Compiled login3.js  (0ms)  (pid 11772)
Compiled login4.js  (0ms)  (pid 11772)
Compiled login5.js  (0ms)  (pid 11772)
Compiled referrals.js  (0ms)  (pid 11772)
Compiled roles.js  (0ms)  (pid 11772)
Compiled rounds.js  (0ms)  (pid 11772)
Compiled sourcingpartners.js  (0ms)  (pid 11772)
Compiled statuses.js  (0ms)  (pid 11772)
Compiled technologies.js  (0ms)  (pid 11772)
Compiled application.js  (217ms)  (pid 11772)
Compiled active_admin.css  (1965ms)  (pid 11772)
Compiled applicants.css  (2ms)  (pid 11772)
Compiled bootstrap_and_overrides.css  (0ms)  (pid 11772)
Compiled interviewers.css  (2ms)  (pid 11772)
Compiled login.css  (1ms)  (pid 11772)
Compiled login1.css  (2ms)  (pid 11772)
Compiled login2.css  (1ms)  (pid 11772)
Compiled login3.css  (2ms)  (pid 11772)
Compiled login4.css  (1ms)  (pid 11772)
Compiled login5.css  (1ms)  (pid 11772)
Compiled referrals.css  (1ms)  (pid 11772)
Compiled roles.css  (2ms)  (pid 11772)
Compiled rounds.css  (1ms)  (pid 11772)
Compiled scaffolds.css  (11ms)  (pid 11772)
Compiled sourcingpartners.css  (1ms)  (pid 11772)
Compiled statuses.css  (1ms)  (pid 11772)
Compiled technologies.css  (1ms)  (pid 11772)
Compiled application.css  (178ms)  (pid 11772)
Compiled active_admin/print.css  (79ms)  (pid 11772)
